-------------------------------------------------------------------------------
Test set: com.example.demo.PlanetDemoApplicationTests
-------------------------------------------------------------------------------
Tests run: 1, Failures: 0, Errors: 1, Skipped: 0, Time elapsed: 1.376 s <<< FAILURE! - in com.example.demo.PlanetDemoApplicationTests
contextLoads  Time elapsed: 0.021 s  <<< ERROR!
java.lang.IllegalStateException: Failed to load ApplicationContext for [WebMergedContextConfiguration@7915bca3 testClass = com.example.demo.PlanetDemoApplicationTests, locations = [], classes = [com.example.demo.PlanetDemoApplication], contextInitializerClasses = [], activeProfiles = [], propertySourceLocations = [], propertySourceProperties = ["org.springframework.boot.test.context.SpringBootTestContextBootstrapper=true"], contextCustomizers = [org.springframework.boot.test.context.filter.ExcludeFilterContextCustomizer@3eb81efb, org.springframework.boot.test.json.DuplicateJsonObjectContextCustomizerFactory$DuplicateJsonObjectContextCustomizer@5cdec700, org.springframework.boot.test.mock.mockito.MockitoContextCustomizer@0, org.springframework.boot.test.web.client.TestRestTemplateContextCustomizer@3e6f3f28, org.springframework.boot.test.autoconfigure.actuate.observability.ObservabilityContextCustomizerFactory$DisableObservabilityContextCustomizer@9da1, org.springframework.boot.test.autoconfigure.properties.PropertyMappingContextCustomizer@0, org.springframework.boot.test.autoconfigure.web.servlet.WebDriverContextCustomizerFactory$Customizer@53251a66, org.springframework.boot.test.context.SpringBootTestAnnotation@e76028b0], resourceBasePath = "src/main/webapp", contextLoader = org.springframework.boot.test.context.SpringBootContextLoader, parent = null]
Caused by: org.springframework.beans.factory.UnsatisfiedDependencyException: Error creating bean with name 'controller': Unsatisfied dependency expressed through field 'planetService': Error creating bean with name 'planetServiceImpl' defined in file [C:\Users\ankgupta\Documents\workspace-spring-tool-suite-4-4.16.1.RELEASE\planet_demo\target\classes\com\example\demo\services\PlanetServiceImpl.class]: Failed to instantiate [com.example.demo.services.PlanetServiceImpl]: Constructor threw exception
Caused by: org.springframework.beans.factory.BeanCreationException: Error creating bean with name 'planetServiceImpl' defined in file [C:\Users\ankgupta\Documents\workspace-spring-tool-suite-4-4.16.1.RELEASE\planet_demo\target\classes\com\example\demo\services\PlanetServiceImpl.class]: Failed to instantiate [com.example.demo.services.PlanetServiceImpl]: Constructor threw exception
Caused by: org.springframework.beans.BeanInstantiationException: Failed to instantiate [com.example.demo.services.PlanetServiceImpl]: Constructor threw exception
Caused by: java.lang.NullPointerException: Cannot invoke "java.util.List.add(Object)" because "this.planets" is null

